/home/emmit/Rotskoff/coacervation-dynamics/src/implicit_AB/soft_explicit/nanobrush/example_sets/CART1_scan.py:225: SyntaxWarning: "is" with a literal. Did you mean "=="?
  if im[i][j] is 0:
/home/emmit/Rotskoff/coacervation-dynamics/src/implicit_AB/soft_explicit/nanobrush/example_sets/CART1_scan.py:235: SyntaxWarning: "is" with a literal. Did you mean "=="?
  if im[i][j] is 0:
/home/emmit/Rotskoff/coacervation-dynamics/src/implicit_AB/soft_explicit/nanobrush/example_sets/CART1_scan.py:225: SyntaxWarning: "is" with a literal. Did you mean "=="?
  if im[i][j] is 0:
/home/emmit/Rotskoff/coacervation-dynamics/src/implicit_AB/soft_explicit/nanobrush/example_sets/CART1_scan.py:235: SyntaxWarning: "is" with a literal. Did you mean "=="?
  if im[i][j] is 0:
(A, 1)
(L, 1)
[A A A A A A A A A A L L L L L L L L L L]
[0.1 0.1 0.1 0.1 0.1 0.1 0.1 0.1 0.1 0.1 0.1 0.1 0.1 0.1 0.1 0.1 0.1 0.1
 0.1 0.1]
(B, 1)
(L, 1)
[B B B B B B B B B B L L L L L L L L L L]
[0.1 0.1 0.1 0.1 0.1 0.1 0.1 0.1 0.1 0.1 0.1 0.1 0.1 0.1 0.1 0.1 0.1 0.1
 0.1 0.1]
{0: [L], 1: [B, A, S]}
{L: 0, B: 1, A: 1, S: 1}
[[4.5 9.  9.  9. ]
 [9.  4.5 4.5 4.5]
 [9.  4.5 4.5 4.5]
 [9.  4.5 4.5 4.5]]
(L, B, A, S)
[[ 0.70710678  0.70710678]
 [ 0.70710678 -0.70710678]]
[13.5 -4.5]
[[13.5  0. ]
 [ 0.  -4.5]]
[[4.5 9. ]
 [9.  4.5]]
[0.00195312 0.00195312]
0.0390625
[[ 0.70710678  0.70710678]
 [ 0.70710678 -0.70710678]]
[13.5 -4.5]
[0.+0.j 0.+0.j]
[[0, 0], [0, 0], [0, 0]]
0
1
2
3
4
5
6
7
8
9
10
11
12
13
14
15
16
17
18
19
20
21
22
23
24
25
26
27
28
29
XIO:  fatal IO error 0 (Success) on X server "localhost:10.0"
      after 356 requests (356 known processed) with 2 events remaining.
CART1_scan.py:226: SyntaxWarning: "is" with a literal. Did you mean "=="?
  if im[i][j] is 0:
CART1_scan.py:236: SyntaxWarning: "is" with a literal. Did you mean "=="?
  if im[i][j] is 0:
Traceback (most recent call last):
  File "CART1_scan.py", line 3, in <module>
    from celluloid import Camera
ModuleNotFoundError: No module named 'celluloid'
/home/emmit/Rotskoff/coacervation-dynamics/src/implicit_AB/soft_explicit/nanobrush/example_sets/CART1_scan.py:226: SyntaxWarning: "is" with a literal. Did you mean "=="?
  if im[i][j] is 0:
/home/emmit/Rotskoff/coacervation-dynamics/src/implicit_AB/soft_explicit/nanobrush/example_sets/CART1_scan.py:236: SyntaxWarning: "is" with a literal. Did you mean "=="?
  if im[i][j] is 0:
(A, 1)
(L, 1)
[A A A A A A A A A A L L L L L L L L L L]
[0.1 0.1 0.1 0.1 0.1 0.1 0.1 0.1 0.1 0.1 0.1 0.1 0.1 0.1 0.1 0.1 0.1 0.1
 0.1 0.1]
(B, 1)
(L, 1)
[B B B B B B B B B B L L L L L L L L L L]
[0.1 0.1 0.1 0.1 0.1 0.1 0.1 0.1 0.1 0.1 0.1 0.1 0.1 0.1 0.1 0.1 0.1 0.1
 0.1 0.1]
{0: [L], 1: [B, A, S]}
{L: 0, B: 1, A: 1, S: 1}
[[4.5 9.  9.  9. ]
 [9.  4.5 4.5 4.5]
 [9.  4.5 4.5 4.5]
 [9.  4.5 4.5 4.5]]
(L, B, A, S)
[[ 0.70710678  0.70710678]
 [ 0.70710678 -0.70710678]]
[13.5 -4.5]
[[13.5  0. ]
 [ 0.  -4.5]]
[[4.5 9. ]
 [9.  4.5]]
[0.00195312 0.00195312]
0.0390625
[[ 0.70710678  0.70710678]
 [ 0.70710678 -0.70710678]]
[13.5 -4.5]
[0.+0.j 0.+0.j]
[[0, 0], [0, 0], [0, 0]]
0
1
2
3
4
5
6
7
8
9
10
11
12
13
14
15
16
17
18
19
20
21
22
23
24
25
26
27
28
29
XIO:  fatal IO error 0 (Success) on X server "localhost:10.0"
      after 356 requests (356 known processed) with 2 events remaining.
/home/emmit/Rotskoff/coacervation-dynamics/src/implicit_AB/soft_explicit/nanobrush/example_sets/CART1_scan.py:225: SyntaxWarning: "is" with a literal. Did you mean "=="?
  if im[i][j] is 0:
/home/emmit/Rotskoff/coacervation-dynamics/src/implicit_AB/soft_explicit/nanobrush/example_sets/CART1_scan.py:235: SyntaxWarning: "is" with a literal. Did you mean "=="?
  if im[i][j] is 0:
(A, 1)
(L, 1)
[A A A A A A A A A A L L L L L L L L L L]
[0.1 0.1 0.1 0.1 0.1 0.1 0.1 0.1 0.1 0.1 0.1 0.1 0.1 0.1 0.1 0.1 0.1 0.1
 0.1 0.1]
(B, 1)
(L, 1)
[B B B B B B B B B B L L L L L L L L L L]
[0.1 0.1 0.1 0.1 0.1 0.1 0.1 0.1 0.1 0.1 0.1 0.1 0.1 0.1 0.1 0.1 0.1 0.1
 0.1 0.1]
{0: [L], 1: [B, A, S]}
{L: 0, B: 1, A: 1, S: 1}
[[4.5 9.  9.  9. ]
 [9.  4.5 4.5 4.5]
 [9.  4.5 4.5 4.5]
 [9.  4.5 4.5 4.5]]
(L, B, A, S)
[[ 0.70710678  0.70710678]
 [ 0.70710678 -0.70710678]]
[13.5 -4.5]
[[13.5  0. ]
 [ 0.  -4.5]]
[[4.5 9. ]
 [9.  4.5]]
[0.00195312 0.00195312]
0.0390625
[[ 0.70710678  0.70710678]
 [ 0.70710678 -0.70710678]]
[13.5 -4.5]
[0.+0.j 0.+0.j]
[[0, 0], [0, 0], [0, 0]]
0
1
2
3
4
5
6
7
8
9
10
11
12
13
14
15
16
17
18
19
20
21
22
23
24
25
26
27
28
29
XIO:  fatal IO error 0 (Success) on X server "localhost:10.0"
      after 356 requests (356 known processed) with 2 events remaining.
